0 info it worked if it ends with ok
1 verbose cli [ '/usr/bin/nodejs', '/usr/bin/npm', 'run', 'build:dev' ]
2 info using npm@3.5.2
3 info using node@v4.7.2
4 verbose run-script [ 'prebuild:dev', 'build:dev', 'postbuild:dev' ]
5 info lifecycle ResearcherGroupManager@0.0.1~prebuild:dev: ResearcherGroupManager@0.0.1
6 silly lifecycle ResearcherGroupManager@0.0.1~prebuild:dev: no script for prebuild:dev, continuing
7 info lifecycle ResearcherGroupManager@0.0.1~build:dev: ResearcherGroupManager@0.0.1
8 verbose lifecycle ResearcherGroupManager@0.0.1~build:dev: unsafe-perm in lifecycle true
9 verbose lifecycle ResearcherGroupManager@0.0.1~build:dev: PATH: /usr/share/npm/bin/node-gyp-bin:/home/mnceleiro/proyectos/research-group-manager/node_modules/.bin:/usr/local/sbin:/usr/local/bin:/usr/sbin:/usr/bin:/sbin:/bin:/usr/games:/usr/local/games:/snap/bin
10 verbose lifecycle ResearcherGroupManager@0.0.1~build:dev: CWD: /home/mnceleiro/proyectos/research-group-manager
11 silly lifecycle ResearcherGroupManager@0.0.1~build:dev: Args: [ '-c',
11 silly lifecycle   'webpack --config webpack.config.dev.babel.js --define process.env.NODE_ENV=\'"develop"\'' ]
12 info lifecycle ResearcherGroupManager@0.0.1~build:dev: Failed to exec build:dev script
13 verbose stack Error: ResearcherGroupManager@0.0.1 build:dev: `webpack --config webpack.config.dev.babel.js --define process.env.NODE_ENV='"develop"'`
13 verbose stack spawn ENOENT
13 verbose stack     at ChildProcess.<anonymous> (/usr/share/npm/lib/utils/spawn.js:17:16)
13 verbose stack     at emitTwo (events.js:87:13)
13 verbose stack     at ChildProcess.emit (events.js:172:7)
13 verbose stack     at maybeClose (internal/child_process.js:854:16)
13 verbose stack     at Process.ChildProcess._handle.onexit (internal/child_process.js:222:5)
14 verbose pkgid ResearcherGroupManager@0.0.1
15 verbose cwd /home/mnceleiro/proyectos/research-group-manager
16 error Linux 4.10.0-21-generic
17 error argv "/usr/bin/nodejs" "/usr/bin/npm" "run" "build:dev"
18 error node v4.7.2
19 error npm  v3.5.2
20 error file sh
21 error code ELIFECYCLE
22 error errno ENOENT
23 error syscall spawn
24 error ResearcherGroupManager@0.0.1 build:dev: `webpack --config webpack.config.dev.babel.js --define process.env.NODE_ENV='"develop"'`
24 error spawn ENOENT
25 error Failed at the ResearcherGroupManager@0.0.1 build:dev script 'webpack --config webpack.config.dev.babel.js --define process.env.NODE_ENV='"develop"''.
25 error Make sure you have the latest version of node.js and npm installed.
25 error If you do, this is most likely a problem with the ResearcherGroupManager package,
25 error not with npm itself.
25 error Tell the author that this fails on your system:
25 error     webpack --config webpack.config.dev.babel.js --define process.env.NODE_ENV='"develop"'
25 error You can get information on how to open an issue for this project with:
25 error     npm bugs ResearcherGroupManager
25 error Or if that isn't available, you can get their info via:
25 error     npm owner ls ResearcherGroupManager
25 error There is likely additional logging output above.
26 verbose exit [ 1, true ]
